0 info it worked if it ends with ok
1 verbose cli [ 'C:\\Program Files\\nodejs\\node.exe',
1 verbose cli   'C:\\Program Files\\nodejs\\node_modules\\npm\\bin\\npm-cli.js' ]
2 info using npm@3.5.0
3 info using node@v4.2.2
4 verbose config Skipping project config: C:\Users\clone/.npmrc. (matches userconfig)
5 verbose stack Error: Cannot find module 'npm-autoinit/autoinit'
5 verbose stack     at Function.Module._resolveFilename (module.js:337:15)
5 verbose stack     at Function.Module._load (module.js:287:25)
5 verbose stack     at Module.require (module.js:366:17)
5 verbose stack     at require (module.js:385:17)
5 verbose stack     at cb (C:\Program Files\nodejs\node_modules\npm\lib\npm.js:290:9)
5 verbose stack     at C:\Program Files\nodejs\node_modules\npm\lib\npm.js:386:16
5 verbose stack     at C:\Program Files\nodejs\node_modules\npm\lib\config\core.js:80:7
5 verbose stack     at Array.forEach (native)
5 verbose stack     at C:\Program Files\nodejs\node_modules\npm\lib\config\core.js:79:13
5 verbose stack     at f (C:\Program Files\nodejs\node_modules\npm\node_modules\once\once.js:17:25)
6 verbose cwd C:\Users\clone\Desktop\App
7 error Windows_NT 6.1.7601
8 error argv "C:\\Program Files\\nodejs\\node.exe" "C:\\Program Files\\nodejs\\node_modules\\npm\\bin\\npm-cli.js"
9 error node v4.2.2
10 error npm  v3.5.0
11 error code MODULE_NOT_FOUND
12 error Cannot find module 'npm-autoinit/autoinit'
13 error If you need help, you may report this error at:
13 error     <https://github.com/npm/npm/issues>
14 verbose exit [ 1, true ]
